Username:  rollers
Date:      Tue Dec 5 13:54:20 EST 2017
 
*** Running sqrt.py with 10, .0001 ***

This program will calculate the square root
of a number using Newton's Method.
You will enter the number and the size of the
delta between Newton's Method square root
and the real square root.
Written by Seth Roller.

Enter the number to find its square root: 

Enter the delta: 

For the square root of 10.0 after 6 tries
with a delta of 0.0001:
The calculated square root is 3.16227766017
The real square root is       3.16227766017
The difference is             4.440892098500626e-16

*** Running sqrt.py with 625, .000001 ***

This program will calculate the square root
of a number using Newton's Method.
You will enter the number and the size of the
delta between Newton's Method square root
and the real square root.
Written by Seth Roller.

Enter the number to find its square root: 

Enter the delta: 

For the square root of 625.0 after 9 tries
with a delta of 1e-06:
The calculated square root is 25.00000000000
The real square root is       25.00000000000
The difference is             0.0

