Username:  rollers
Date:      Thu Sep 21 11:27:28 EDT 2017
 
*** Running numerology.py ***

Program to calculate the numeric value of a name.
You will be asked to enter a name.
Written by Seth Roller.

Enter a name:  

Original name: John Koch
Numeric value: 84


Program to calculate the numeric value of a name.
You will be asked to enter a name.
Written by Seth Roller.

Enter a name:  

Original name: Barack Obama
Numeric value: 68


Program to calculate the numeric value of a name.
You will be asked to enter a name.
Written by Seth Roller.

Enter a name:  

Original name: Angelina Jolie
Numeric value: 114


Program to calculate the numeric value of a name.
You will be asked to enter a name.
Written by Seth Roller.

Enter a name:  

Original name: Oprah Winfrey
Numeric value: 158


Program to calculate the numeric value of a name.
You will be asked to enter a name.
Written by Seth Roller.

Enter a name:  

Original name: Robert Downey Jr.
Numeric value: 192

