Username:  rollers
Date:      Thu Nov 30 10:46:53 EST 2017
 
--- Running speedboats ---
 

Program to output a monthly report of speedboat sales.
Written by Seth Roller.

Enter the file name: 

For the file /home/mathcs/turnin/koch/speedboatSales.data:

                     Salesperson
  Model   :   1   2   3   4   5   6   7   8  :  Avg Totals
----------------------------------------------------------
    1     :   0   0   2   0   5   6   3   0  :  2.0   16
    2     :   5   1   9   0   0   2   3   2  :  2.8   22
    3     :   0   0   0   1   0   0   0   0  :  0.1    1
    4     :   1   1   1   0   2   2   2   1  :  1.2   10
    5     :   5   3   2   0   0   2   5   5  :  2.8   22
    6     :   2   2   1   0   1   1   0   0  :  0.9    7
    7     :   3   2   5   0   1   2   0   4  :  2.1   17
    8     :   3   0   7   1   3   5   2   4  :  3.1   25
    9     :   0   2   6   1   0   5   2   1  :  2.1   17
   10     :   4   0   2   0   3   2   1   0  :  1.5   12
----------------------------------------------------------
 Average  : 2.3 1.1 3.5 0.3 1.5 2.7 1.8 1.7
 Maximum  :   5   3   9   1   5   6   5   5
  Totals  :  23  11  35   3  15  27  18  17  :       149

